[2023-04-10 00:35:45] laravel.EMERGENCY: Unable to create configured logger. Using emergency logger. {"exception":"[object] (Error(code: 0): Class \"Illuminate\\Support\\Collection\" not found at C:\\xampp\\htdocs\\isikef\\vendor\\laravel\\framework\\src\\Illuminate\\Support\\helpers.php:110)
[stacktrace]
#0 C:\\xampp\\htdocs\\isikef\\vendor\\laravel\\framework\\src\\Illuminate\\Log\\LogManager.php(240): collect(Array)
#1 C:\\xampp\\htdocs\\isikef\\vendor\\laravel\\framework\\src\\Illuminate\\Log\\LogManager.php(202): Illuminate\\Log\\LogManager->createStackDriver(Array)
#2 C:\\xampp\\htdocs\\isikef\\vendor\\laravel\\framework\\src\\Illuminate\\Log\\LogManager.php(118): Illuminate\\Log\\LogManager->resolve('stack')
#3 C:\\xampp\\htdocs\\isikef\\vendor\\laravel\\framework\\src\\Illuminate\\Log\\LogManager.php(98): Illuminate\\Log\\LogManager->get('stack')
#4 C:\\xampp\\htdocs\\isikef\\vendor\\laravel\\framework\\src\\Illuminate\\Log\\LogManager.php(543): Illuminate\\Log\\LogManager->driver()
#5 C:\\xampp\\htdocs\\isikef\\vendor\\laravel\\framework\\src\\Illuminate\\Foundation\\Exceptions\\Handler.php(118): Illuminate\\Log\\LogManager->error('During inherita...', Array)
#6 C:\\xampp\\htdocs\\isikef\\app\\Exceptions\\Handler.php(39): Illuminate\\Foundation\\Exceptions\\Handler->report(Object(Symfony\\Component\\ErrorHandler\\Error\\FatalError))
#7 C:\\xampp\\htdocs\\isikef\\vendor\\laravel\\framework\\src\\Illuminate\\Foundation\\Bootstrap\\HandleExceptions.php(88): App\\Exceptions\\Handler->report(Object(Symfony\\Component\\ErrorHandler\\Error\\FatalError))
#8 C:\\xampp\\htdocs\\isikef\\vendor\\laravel\\framework\\src\\Illuminate\\Foundation\\Bootstrap\\HandleExceptions.php(130): Illuminate\\Foundation\\Bootstrap\\HandleExceptions->handleException(Object(Symfony\\Component\\ErrorHandler\\Error\\FatalError))
#9 [internal function]: Illuminate\\Foundation\\Bootstrap\\HandleExceptions->handleShutdown()
#10 {main}
"} 
[2023-04-10 00:35:45] laravel.ERROR: During inheritance of ArrayAccess: Uncaught ErrorException: Return type of Illuminate\Support\Collection::offsetExists($key) should either be compatible with ArrayAccess::offsetExists(mixed $offset): bool, or the #[\ReturnTypeWillChange] attribute should be used to temporarily suppress the notice in C:\xampp\htdocs\isikef\vendor\laravel\framework\src\Illuminate\Support\Collection.php:1349
Stack trace:
#0 C:\xampp\htdocs\isikef\vendor\laravel\framework\src\Illuminate\Support\Collection.php(11): Illuminate\Foundation\Bootstrap\HandleExceptions->handleError(8192, 'Return type of ...', 'C:\\xampp\\htdocs...', 1349)
#1 C:\xampp\htdocs\isikef\vendor\composer\ClassLoader.php(480): include('C:\\xampp\\htdocs...')
#2 C:\xampp\htdocs\isikef\vendor\composer\ClassLoader.php(346): Composer\Autoload\includeFile('C:\\xampp\\htdocs...')
#3 C:\xampp\htdocs\isikef\vendor\laravel\framework\src\Illuminate\Support\helpers.php(110): Composer\Autoload\ClassLoader->loadClass('Illuminate\\Supp...')
#4 C:\xampp\htdocs\isikef\vendor\laravel\framework\src\Illuminate\Foundation\PackageManifest.php(89): collect(Array)
#5 C:\xampp\htdocs\isikef\vendor\laravel\framework\src\Illuminate\Foundation\PackageManifest.php(78): Illuminate\Foundation\PackageManifest->config('aliases')
#6 C:\xampp\htdocs\isikef\vendor\laravel\framework\src\Illuminate\Foundation\Bootstrap\RegisterFacades.php(26): Illuminate\Foundation\PackageManifest->aliases()
#7 C:\xampp\htdocs\isikef\vendor\laravel\framework\src\Illuminate\Foundation\Application.php(230): Illuminate\Foundation\Bootstrap\RegisterFacades->bootstrap(Object(Illuminate\Foundation\Application))
#8 C:\xampp\htdocs\isikef\vendor\laravel\framework\src\Illuminate\Foundation\Console\Kernel.php(310): Illuminate\Foundation\Application->bootstrapWith(Array)
#9 C:\xampp\htdocs\isikef\vendor\laravel\framework\src\Illuminate\Foundation\Console\Kernel.php(127): Illuminate\Foundation\Console\Kernel->bootstrap()
#10 C:\xampp\htdocs\isikef\artisan(35): Illuminate\Foundation\Console\Kernel->handle(Object(Symfony\Component\Console\Input\ArgvInput), Object(Symfony\Component\Console\Output\ConsoleOutput))
#11 {main} {"exception":"[object] (Symfony\\Component\\ErrorHandler\\Error\\FatalError(code: 0): During inheritance of ArrayAccess: Uncaught ErrorException: Return type of Illuminate\\Support\\Collection::offsetExists($key) should either be compatible with ArrayAccess::offsetExists(mixed $offset): bool, or the #[\\ReturnTypeWillChange] attribute should be used to temporarily suppress the notice in C:\\xampp\\htdocs\\isikef\\vendor\\laravel\\framework\\src\\Illuminate\\Support\\Collection.php:1349
Stack trace:
#0 C:\\xampp\\htdocs\\isikef\\vendor\\laravel\\framework\\src\\Illuminate\\Support\\Collection.php(11): Illuminate\\Foundation\\Bootstrap\\HandleExceptions->handleError(8192, 'Return type of ...', 'C:\\\\xampp\\\\htdocs...', 1349)
#1 C:\\xampp\\htdocs\\isikef\\vendor\\composer\\ClassLoader.php(480): include('C:\\\\xampp\\\\htdocs...')
#2 C:\\xampp\\htdocs\\isikef\\vendor\\composer\\ClassLoader.php(346): Composer\\Autoload\\includeFile('C:\\\\xampp\\\\htdocs...')
#3 C:\\xampp\\htdocs\\isikef\\vendor\\laravel\\framework\\src\\Illuminate\\Support\\helpers.php(110): Composer\\Autoload\\ClassLoader->loadClass('Illuminate\\\\Supp...')
#4 C:\\xampp\\htdocs\\isikef\\vendor\\laravel\\framework\\src\\Illuminate\\Foundation\\PackageManifest.php(89): collect(Array)
#5 C:\\xampp\\htdocs\\isikef\\vendor\\laravel\\framework\\src\\Illuminate\\Foundation\\PackageManifest.php(78): Illuminate\\Foundation\\PackageManifest->config('aliases')
#6 C:\\xampp\\htdocs\\isikef\\vendor\\laravel\\framework\\src\\Illuminate\\Foundation\\Bootstrap\\RegisterFacades.php(26): Illuminate\\Foundation\\PackageManifest->aliases()
#7 C:\\xampp\\htdocs\\isikef\\vendor\\laravel\\framework\\src\\Illuminate\\Foundation\\Application.php(230): Illuminate\\Foundation\\Bootstrap\\RegisterFacades->bootstrap(Object(Illuminate\\Foundation\\Application))
#8 C:\\xampp\\htdocs\\isikef\\vendor\\laravel\\framework\\src\\Illuminate\\Foundation\\Console\\Kernel.php(310): Illuminate\\Foundation\\Application->bootstrapWith(Array)
#9 C:\\xampp\\htdocs\\isikef\\vendor\\laravel\\framework\\src\\Illuminate\\Foundation\\Console\\Kernel.php(127): Illuminate\\Foundation\\Console\\Kernel->bootstrap()
#10 C:\\xampp\\htdocs\\isikef\\artisan(35): Illuminate\\Foundation\\Console\\Kernel->handle(Object(Symfony\\Component\\Console\\Input\\ArgvInput), Object(Symfony\\Component\\Console\\Output\\ConsoleOutput))
#11 {main} at C:\\xampp\\htdocs\\isikef\\vendor\\laravel\\framework\\src\\Illuminate\\Support\\Collection.php:11)
[stacktrace]
#0 {main}
"} 
[2023-04-10 00:35:57] laravel.EMERGENCY: Unable to create configured logger. Using emergency logger. {"exception":"[object] (Error(code: 0): Class \"Illuminate\\Support\\Collection\" not found at C:\\xampp\\htdocs\\isikef\\vendor\\laravel\\framework\\src\\Illuminate\\Support\\helpers.php:110)
[stacktrace]
#0 C:\\xampp\\htdocs\\isikef\\vendor\\laravel\\framework\\src\\Illuminate\\Log\\LogManager.php(240): collect(Array)
#1 C:\\xampp\\htdocs\\isikef\\vendor\\laravel\\framework\\src\\Illuminate\\Log\\LogManager.php(202): Illuminate\\Log\\LogManager->createStackDriver(Array)
#2 C:\\xampp\\htdocs\\isikef\\vendor\\laravel\\framework\\src\\Illuminate\\Log\\LogManager.php(118): Illuminate\\Log\\LogManager->resolve('stack')
#3 C:\\xampp\\htdocs\\isikef\\vendor\\laravel\\framework\\src\\Illuminate\\Log\\LogManager.php(98): Illuminate\\Log\\LogManager->get('stack')
#4 C:\\xampp\\htdocs\\isikef\\vendor\\laravel\\framework\\src\\Illuminate\\Log\\LogManager.php(543): Illuminate\\Log\\LogManager->driver()
#5 C:\\xampp\\htdocs\\isikef\\vendor\\laravel\\framework\\src\\Illuminate\\Foundation\\Exceptions\\Handler.php(118): Illuminate\\Log\\LogManager->error('During inherita...', Array)
#6 C:\\xampp\\htdocs\\isikef\\app\\Exceptions\\Handler.php(39): Illuminate\\Foundation\\Exceptions\\Handler->report(Object(Symfony\\Component\\ErrorHandler\\Error\\FatalError))
#7 C:\\xampp\\htdocs\\isikef\\vendor\\laravel\\framework\\src\\Illuminate\\Foundation\\Bootstrap\\HandleExceptions.php(88): App\\Exceptions\\Handler->report(Object(Symfony\\Component\\ErrorHandler\\Error\\FatalError))
#8 C:\\xampp\\htdocs\\isikef\\vendor\\laravel\\framework\\src\\Illuminate\\Foundation\\Bootstrap\\HandleExceptions.php(130): Illuminate\\Foundation\\Bootstrap\\HandleExceptions->handleException(Object(Symfony\\Component\\ErrorHandler\\Error\\FatalError))
#9 [internal function]: Illuminate\\Foundation\\Bootstrap\\HandleExceptions->handleShutdown()
#10 {main}
"} 
[2023-04-10 00:35:57] laravel.ERROR: During inheritance of ArrayAccess: Uncaught ErrorException: Return type of Illuminate\Support\Collection::offsetExists($key) should either be compatible with ArrayAccess::offsetExists(mixed $offset): bool, or the #[\ReturnTypeWillChange] attribute should be used to temporarily suppress the notice in C:\xampp\htdocs\isikef\vendor\laravel\framework\src\Illuminate\Support\Collection.php:1349
Stack trace:
#0 C:\xampp\htdocs\isikef\vendor\laravel\framework\src\Illuminate\Support\Collection.php(11): Illuminate\Foundation\Bootstrap\HandleExceptions->handleError(8192, 'Return type of ...', 'C:\\xampp\\htdocs...', 1349)
#1 C:\xampp\htdocs\isikef\vendor\composer\ClassLoader.php(480): include('C:\\xampp\\htdocs...')
#2 C:\xampp\htdocs\isikef\vendor\composer\ClassLoader.php(346): Composer\Autoload\includeFile('C:\\xampp\\htdocs...')
#3 C:\xampp\htdocs\isikef\vendor\laravel\framework\src\Illuminate\Support\helpers.php(110): Composer\Autoload\ClassLoader->loadClass('Illuminate\\Supp...')
#4 C:\xampp\htdocs\isikef\vendor\laravel\framework\src\Illuminate\Foundation\PackageManifest.php(89): collect(Array)
#5 C:\xampp\htdocs\isikef\vendor\laravel\framework\src\Illuminate\Foundation\PackageManifest.php(78): Illuminate\Foundation\PackageManifest->config('aliases')
#6 C:\xampp\htdocs\isikef\vendor\laravel\framework\src\Illuminate\Foundation\Bootstrap\RegisterFacades.php(26): Illuminate\Foundation\PackageManifest->aliases()
#7 C:\xampp\htdocs\isikef\vendor\laravel\framework\src\Illuminate\Foundation\Application.php(230): Illuminate\Foundation\Bootstrap\RegisterFacades->bootstrap(Object(Illuminate\Foundation\Application))
#8 C:\xampp\htdocs\isikef\vendor\laravel\framework\src\Illuminate\Foundation\Console\Kernel.php(310): Illuminate\Foundation\Application->bootstrapWith(Array)
#9 C:\xampp\htdocs\isikef\vendor\laravel\framework\src\Illuminate\Foundation\Console\Kernel.php(127): Illuminate\Foundation\Console\Kernel->bootstrap()
#10 C:\xampp\htdocs\isikef\artisan(35): Illuminate\Foundation\Console\Kernel->handle(Object(Symfony\Component\Console\Input\ArgvInput), Object(Symfony\Component\Console\Output\ConsoleOutput))
#11 {main} {"exception":"[object] (Symfony\\Component\\ErrorHandler\\Error\\FatalError(code: 0): During inheritance of ArrayAccess: Uncaught ErrorException: Return type of Illuminate\\Support\\Collection::offsetExists($key) should either be compatible with ArrayAccess::offsetExists(mixed $offset): bool, or the #[\\ReturnTypeWillChange] attribute should be used to temporarily suppress the notice in C:\\xampp\\htdocs\\isikef\\vendor\\laravel\\framework\\src\\Illuminate\\Support\\Collection.php:1349
Stack trace:
#0 C:\\xampp\\htdocs\\isikef\\vendor\\laravel\\framework\\src\\Illuminate\\Support\\Collection.php(11): Illuminate\\Foundation\\Bootstrap\\HandleExceptions->handleError(8192, 'Return type of ...', 'C:\\\\xampp\\\\htdocs...', 1349)
#1 C:\\xampp\\htdocs\\isikef\\vendor\\composer\\ClassLoader.php(480): include('C:\\\\xampp\\\\htdocs...')
#2 C:\\xampp\\htdocs\\isikef\\vendor\\composer\\ClassLoader.php(346): Composer\\Autoload\\includeFile('C:\\\\xampp\\\\htdocs...')
#3 C:\\xampp\\htdocs\\isikef\\vendor\\laravel\\framework\\src\\Illuminate\\Support\\helpers.php(110): Composer\\Autoload\\ClassLoader->loadClass('Illuminate\\\\Supp...')
#4 C:\\xampp\\htdocs\\isikef\\vendor\\laravel\\framework\\src\\Illuminate\\Foundation\\PackageManifest.php(89): collect(Array)
#5 C:\\xampp\\htdocs\\isikef\\vendor\\laravel\\framework\\src\\Illuminate\\Foundation\\PackageManifest.php(78): Illuminate\\Foundation\\PackageManifest->config('aliases')
#6 C:\\xampp\\htdocs\\isikef\\vendor\\laravel\\framework\\src\\Illuminate\\Foundation\\Bootstrap\\RegisterFacades.php(26): Illuminate\\Foundation\\PackageManifest->aliases()
#7 C:\\xampp\\htdocs\\isikef\\vendor\\laravel\\framework\\src\\Illuminate\\Foundation\\Application.php(230): Illuminate\\Foundation\\Bootstrap\\RegisterFacades->bootstrap(Object(Illuminate\\Foundation\\Application))
#8 C:\\xampp\\htdocs\\isikef\\vendor\\laravel\\framework\\src\\Illuminate\\Foundation\\Console\\Kernel.php(310): Illuminate\\Foundation\\Application->bootstrapWith(Array)
#9 C:\\xampp\\htdocs\\isikef\\vendor\\laravel\\framework\\src\\Illuminate\\Foundation\\Console\\Kernel.php(127): Illuminate\\Foundation\\Console\\Kernel->bootstrap()
#10 C:\\xampp\\htdocs\\isikef\\artisan(35): Illuminate\\Foundation\\Console\\Kernel->handle(Object(Symfony\\Component\\Console\\Input\\ArgvInput), Object(Symfony\\Component\\Console\\Output\\ConsoleOutput))
#11 {main} at C:\\xampp\\htdocs\\isikef\\vendor\\laravel\\framework\\src\\Illuminate\\Support\\Collection.php:11)
[stacktrace]
#0 {main}
"} 
[2023-04-10 01:06:29] laravel.EMERGENCY: Unable to create configured logger. Using emergency logger. {"exception":"[object] (Error(code: 0): Class \"Illuminate\\Support\\Collection\" not found at C:\\xampp\\htdocs\\isikef\\vendor\\laravel\\framework\\src\\Illuminate\\Support\\helpers.php:110)
[stacktrace]
#0 C:\\xampp\\htdocs\\isikef\\vendor\\laravel\\framework\\src\\Illuminate\\Log\\LogManager.php(240): collect(Array)
#1 C:\\xampp\\htdocs\\isikef\\vendor\\laravel\\framework\\src\\Illuminate\\Log\\LogManager.php(202): Illuminate\\Log\\LogManager->createStackDriver(Array)
#2 C:\\xampp\\htdocs\\isikef\\vendor\\laravel\\framework\\src\\Illuminate\\Log\\LogManager.php(118): Illuminate\\Log\\LogManager->resolve('stack')
#3 C:\\xampp\\htdocs\\isikef\\vendor\\laravel\\framework\\src\\Illuminate\\Log\\LogManager.php(98): Illuminate\\Log\\LogManager->get('stack')
#4 C:\\xampp\\htdocs\\isikef\\vendor\\laravel\\framework\\src\\Illuminate\\Log\\LogManager.php(543): Illuminate\\Log\\LogManager->driver()
#5 C:\\xampp\\htdocs\\isikef\\vendor\\laravel\\framework\\src\\Illuminate\\Foundation\\Exceptions\\Handler.php(118): Illuminate\\Log\\LogManager->error('During inherita...', Array)
#6 C:\\xampp\\htdocs\\isikef\\app\\Exceptions\\Handler.php(39): Illuminate\\Foundation\\Exceptions\\Handler->report(Object(Symfony\\Component\\ErrorHandler\\Error\\FatalError))
#7 C:\\xampp\\htdocs\\isikef\\vendor\\laravel\\framework\\src\\Illuminate\\Foundation\\Bootstrap\\HandleExceptions.php(88): App\\Exceptions\\Handler->report(Object(Symfony\\Component\\ErrorHandler\\Error\\FatalError))
#8 C:\\xampp\\htdocs\\isikef\\vendor\\laravel\\framework\\src\\Illuminate\\Foundation\\Bootstrap\\HandleExceptions.php(130): Illuminate\\Foundation\\Bootstrap\\HandleExceptions->handleException(Object(Symfony\\Component\\ErrorHandler\\Error\\FatalError))
#9 [internal function]: Illuminate\\Foundation\\Bootstrap\\HandleExceptions->handleShutdown()
#10 {main}
"} 
[2023-04-10 01:06:29] laravel.ERROR: During inheritance of ArrayAccess: Uncaught ErrorException: Return type of Illuminate\Support\Collection::offsetExists($key) should either be compatible with ArrayAccess::offsetExists(mixed $offset): bool, or the #[\ReturnTypeWillChange] attribute should be used to temporarily suppress the notice in C:\xampp\htdocs\isikef\vendor\laravel\framework\src\Illuminate\Support\Collection.php:1349
Stack trace:
#0 C:\xampp\htdocs\isikef\vendor\laravel\framework\src\Illuminate\Support\Collection.php(11): Illuminate\Foundation\Bootstrap\HandleExceptions->handleError(8192, 'Return type of ...', 'C:\\xampp\\htdocs...', 1349)
#1 C:\xampp\htdocs\isikef\vendor\composer\ClassLoader.php(480): include('C:\\xampp\\htdocs...')
#2 C:\xampp\htdocs\isikef\vendor\composer\ClassLoader.php(346): Composer\Autoload\includeFile('C:\\xampp\\htdocs...')
#3 C:\xampp\htdocs\isikef\vendor\laravel\framework\src\Illuminate\Support\helpers.php(110): Composer\Autoload\ClassLoader->loadClass('Illuminate\\Supp...')
#4 C:\xampp\htdocs\isikef\vendor\laravel\framework\src\Illuminate\Foundation\PackageManifest.php(89): collect(Array)
#5 C:\xampp\htdocs\isikef\vendor\laravel\framework\src\Illuminate\Foundation\PackageManifest.php(78): Illuminate\Foundation\PackageManifest->config('aliases')
#6 C:\xampp\htdocs\isikef\vendor\laravel\framework\src\Illuminate\Foundation\Bootstrap\RegisterFacades.php(26): Illuminate\Foundation\PackageManifest->aliases()
#7 C:\xampp\htdocs\isikef\vendor\laravel\framework\src\Illuminate\Foundation\Application.php(230): Illuminate\Foundation\Bootstrap\RegisterFacades->bootstrap(Object(Illuminate\Foundation\Application))
#8 C:\xampp\htdocs\isikef\vendor\laravel\framework\src\Illuminate\Foundation\Console\Kernel.php(310): Illuminate\Foundation\Application->bootstrapWith(Array)
#9 C:\xampp\htdocs\isikef\vendor\laravel\framework\src\Illuminate\Foundation\Console\Kernel.php(127): Illuminate\Foundation\Console\Kernel->bootstrap()
#10 C:\xampp\htdocs\isikef\artisan(35): Illuminate\Foundation\Console\Kernel->handle(Object(Symfony\Component\Console\Input\ArgvInput), Object(Symfony\Component\Console\Output\ConsoleOutput))
#11 {main} {"exception":"[object] (Symfony\\Component\\ErrorHandler\\Error\\FatalError(code: 0): During inheritance of ArrayAccess: Uncaught ErrorException: Return type of Illuminate\\Support\\Collection::offsetExists($key) should either be compatible with ArrayAccess::offsetExists(mixed $offset): bool, or the #[\\ReturnTypeWillChange] attribute should be used to temporarily suppress the notice in C:\\xampp\\htdocs\\isikef\\vendor\\laravel\\framework\\src\\Illuminate\\Support\\Collection.php:1349
Stack trace:
#0 C:\\xampp\\htdocs\\isikef\\vendor\\laravel\\framework\\src\\Illuminate\\Support\\Collection.php(11): Illuminate\\Foundation\\Bootstrap\\HandleExceptions->handleError(8192, 'Return type of ...', 'C:\\\\xampp\\\\htdocs...', 1349)
#1 C:\\xampp\\htdocs\\isikef\\vendor\\composer\\ClassLoader.php(480): include('C:\\\\xampp\\\\htdocs...')
#2 C:\\xampp\\htdocs\\isikef\\vendor\\composer\\ClassLoader.php(346): Composer\\Autoload\\includeFile('C:\\\\xampp\\\\htdocs...')
#3 C:\\xampp\\htdocs\\isikef\\vendor\\laravel\\framework\\src\\Illuminate\\Support\\helpers.php(110): Composer\\Autoload\\ClassLoader->loadClass('Illuminate\\\\Supp...')
#4 C:\\xampp\\htdocs\\isikef\\vendor\\laravel\\framework\\src\\Illuminate\\Foundation\\PackageManifest.php(89): collect(Array)
#5 C:\\xampp\\htdocs\\isikef\\vendor\\laravel\\framework\\src\\Illuminate\\Foundation\\PackageManifest.php(78): Illuminate\\Foundation\\PackageManifest->config('aliases')
#6 C:\\xampp\\htdocs\\isikef\\vendor\\laravel\\framework\\src\\Illuminate\\Foundation\\Bootstrap\\RegisterFacades.php(26): Illuminate\\Foundation\\PackageManifest->aliases()
#7 C:\\xampp\\htdocs\\isikef\\vendor\\laravel\\framework\\src\\Illuminate\\Foundation\\Application.php(230): Illuminate\\Foundation\\Bootstrap\\RegisterFacades->bootstrap(Object(Illuminate\\Foundation\\Application))
#8 C:\\xampp\\htdocs\\isikef\\vendor\\laravel\\framework\\src\\Illuminate\\Foundation\\Console\\Kernel.php(310): Illuminate\\Foundation\\Application->bootstrapWith(Array)
#9 C:\\xampp\\htdocs\\isikef\\vendor\\laravel\\framework\\src\\Illuminate\\Foundation\\Console\\Kernel.php(127): Illuminate\\Foundation\\Console\\Kernel->bootstrap()
#10 C:\\xampp\\htdocs\\isikef\\artisan(35): Illuminate\\Foundation\\Console\\Kernel->handle(Object(Symfony\\Component\\Console\\Input\\ArgvInput), Object(Symfony\\Component\\Console\\Output\\ConsoleOutput))
#11 {main} at C:\\xampp\\htdocs\\isikef\\vendor\\laravel\\framework\\src\\Illuminate\\Support\\Collection.php:11)
[stacktrace]
#0 {main}
"} 
[2023-04-10 01:10:30] laravel.EMERGENCY: Unable to create configured logger. Using emergency logger. {"exception":"[object] (Error(code: 0): Class \"Illuminate\\Support\\Collection\" not found at C:\\xampp\\htdocs\\isikef\\vendor\\laravel\\framework\\src\\Illuminate\\Support\\helpers.php:110)
[stacktrace]
#0 C:\\xampp\\htdocs\\isikef\\vendor\\laravel\\framework\\src\\Illuminate\\Log\\LogManager.php(240): collect(Array)
#1 C:\\xampp\\htdocs\\isikef\\vendor\\laravel\\framework\\src\\Illuminate\\Log\\LogManager.php(202): Illuminate\\Log\\LogManager->createStackDriver(Array)
#2 C:\\xampp\\htdocs\\isikef\\vendor\\laravel\\framework\\src\\Illuminate\\Log\\LogManager.php(118): Illuminate\\Log\\LogManager->resolve('stack')
#3 C:\\xampp\\htdocs\\isikef\\vendor\\laravel\\framework\\src\\Illuminate\\Log\\LogManager.php(98): Illuminate\\Log\\LogManager->get('stack')
#4 C:\\xampp\\htdocs\\isikef\\vendor\\laravel\\framework\\src\\Illuminate\\Log\\LogManager.php(543): Illuminate\\Log\\LogManager->driver()
#5 C:\\xampp\\htdocs\\isikef\\vendor\\laravel\\framework\\src\\Illuminate\\Foundation\\Exceptions\\Handler.php(118): Illuminate\\Log\\LogManager->error('During inherita...', Array)
#6 C:\\xampp\\htdocs\\isikef\\app\\Exceptions\\Handler.php(39): Illuminate\\Foundation\\Exceptions\\Handler->report(Object(Symfony\\Component\\ErrorHandler\\Error\\FatalError))
#7 C:\\xampp\\htdocs\\isikef\\vendor\\laravel\\framework\\src\\Illuminate\\Foundation\\Bootstrap\\HandleExceptions.php(88): App\\Exceptions\\Handler->report(Object(Symfony\\Component\\ErrorHandler\\Error\\FatalError))
#8 C:\\xampp\\htdocs\\isikef\\vendor\\laravel\\framework\\src\\Illuminate\\Foundation\\Bootstrap\\HandleExceptions.php(130): Illuminate\\Foundation\\Bootstrap\\HandleExceptions->handleException(Object(Symfony\\Component\\ErrorHandler\\Error\\FatalError))
#9 [internal function]: Illuminate\\Foundation\\Bootstrap\\HandleExceptions->handleShutdown()
#10 {main}
"} 
[2023-04-10 01:10:30] laravel.ERROR: During inheritance of ArrayAccess: Uncaught ErrorException: Return type of Illuminate\Support\Collection::offsetExists($key) should either be compatible with ArrayAccess::offsetExists(mixed $offset): bool, or the #[\ReturnTypeWillChange] attribute should be used to temporarily suppress the notice in C:\xampp\htdocs\isikef\vendor\laravel\framework\src\Illuminate\Support\Collection.php:1349
Stack trace:
#0 C:\xampp\htdocs\isikef\vendor\laravel\framework\src\Illuminate\Support\Collection.php(11): Illuminate\Foundation\Bootstrap\HandleExceptions->handleError(8192, 'Return type of ...', 'C:\\xampp\\htdocs...', 1349)
#1 C:\xampp\htdocs\isikef\vendor\composer\ClassLoader.php(480): include('C:\\xampp\\htdocs...')
#2 C:\xampp\htdocs\isikef\vendor\composer\ClassLoader.php(346): Composer\Autoload\includeFile('C:\\xampp\\htdocs...')
#3 C:\xampp\htdocs\isikef\vendor\laravel\framework\src\Illuminate\Support\helpers.php(110): Composer\Autoload\ClassLoader->loadClass('Illuminate\\Supp...')
#4 C:\xampp\htdocs\isikef\vendor\laravel\framework\src\Illuminate\Foundation\PackageManifest.php(89): collect(Array)
#5 C:\xampp\htdocs\isikef\vendor\laravel\framework\src\Illuminate\Foundation\PackageManifest.php(78): Illuminate\Foundation\PackageManifest->config('aliases')
#6 C:\xampp\htdocs\isikef\vendor\laravel\framework\src\Illuminate\Foundation\Bootstrap\RegisterFacades.php(26): Illuminate\Foundation\PackageManifest->aliases()
#7 C:\xampp\htdocs\isikef\vendor\laravel\framework\src\Illuminate\Foundation\Application.php(230): Illuminate\Foundation\Bootstrap\RegisterFacades->bootstrap(Object(Illuminate\Foundation\Application))
#8 C:\xampp\htdocs\isikef\vendor\laravel\framework\src\Illuminate\Foundation\Http\Kernel.php(151): Illuminate\Foundation\Application->bootstrapWith(Array)
#9 C:\xampp\htdocs\isikef\vendor\laravel\framework\src\Illuminate\Foundation\Http\Kernel.php(135): Illuminate\Foundation\Http\Kernel->bootstrap()
#10 C:\xampp\htdocs\isikef\vendor\laravel\framework\src\Illuminate\Foundation\Http\Kernel.php(109): Illuminate\Foundation\Http\Kernel->sendRequestThroughRouter(Object(Illuminate\Http\Request))
#11 C:\xampp\htdocs\isikef\public\index.php(54): Illuminate\Foundation\Http\Kernel->handle(Object(Illuminate\Http\Request))
#12 C:\xampp\htdocs\isikef\index.php(21): require_once('C:\\xampp\\htdocs...')
#13 {main} {"exception":"[object] (Symfony\\Component\\ErrorHandler\\Error\\FatalError(code: 0): During inheritance of ArrayAccess: Uncaught ErrorException: Return type of Illuminate\\Support\\Collection::offsetExists($key) should either be compatible with ArrayAccess::offsetExists(mixed $offset): bool, or the #[\\ReturnTypeWillChange] attribute should be used to temporarily suppress the notice in C:\\xampp\\htdocs\\isikef\\vendor\\laravel\\framework\\src\\Illuminate\\Support\\Collection.php:1349
Stack trace:
#0 C:\\xampp\\htdocs\\isikef\\vendor\\laravel\\framework\\src\\Illuminate\\Support\\Collection.php(11): Illuminate\\Foundation\\Bootstrap\\HandleExceptions->handleError(8192, 'Return type of ...', 'C:\\\\xampp\\\\htdocs...', 1349)
#1 C:\\xampp\\htdocs\\isikef\\vendor\\composer\\ClassLoader.php(480): include('C:\\\\xampp\\\\htdocs...')
#2 C:\\xampp\\htdocs\\isikef\\vendor\\composer\\ClassLoader.php(346): Composer\\Autoload\\includeFile('C:\\\\xampp\\\\htdocs...')
#3 C:\\xampp\\htdocs\\isikef\\vendor\\laravel\\framework\\src\\Illuminate\\Support\\helpers.php(110): Composer\\Autoload\\ClassLoader->loadClass('Illuminate\\\\Supp...')
#4 C:\\xampp\\htdocs\\isikef\\vendor\\laravel\\framework\\src\\Illuminate\\Foundation\\PackageManifest.php(89): collect(Array)
#5 C:\\xampp\\htdocs\\isikef\\vendor\\laravel\\framework\\src\\Illuminate\\Foundation\\PackageManifest.php(78): Illuminate\\Foundation\\PackageManifest->config('aliases')
#6 C:\\xampp\\htdocs\\isikef\\vendor\\laravel\\framework\\src\\Illuminate\\Foundation\\Bootstrap\\RegisterFacades.php(26): Illuminate\\Foundation\\PackageManifest->aliases()
#7 C:\\xampp\\htdocs\\isikef\\vendor\\laravel\\framework\\src\\Illuminate\\Foundation\\Application.php(230): Illuminate\\Foundation\\Bootstrap\\RegisterFacades->bootstrap(Object(Illuminate\\Foundation\\Application))
#8 C:\\xampp\\htdocs\\isikef\\vendor\\laravel\\framework\\src\\Illuminate\\Foundation\\Http\\Kernel.php(151): Illuminate\\Foundation\\Application->bootstrapWith(Array)
#9 C:\\xampp\\htdocs\\isikef\\vendor\\laravel\\framework\\src\\Illuminate\\Foundation\\Http\\Kernel.php(135): Illuminate\\Foundation\\Http\\Kernel->bootstrap()
#10 C:\\xampp\\htdocs\\isikef\\vendor\\laravel\\framework\\src\\Illuminate\\Foundation\\Http\\Kernel.php(109): Illuminate\\Foundation\\Http\\Kernel->sendRequestThroughRouter(Object(Illuminate\\Http\\Request))
#11 C:\\xampp\\htdocs\\isikef\\public\\index.php(54): Illuminate\\Foundation\\Http\\Kernel->handle(Object(Illuminate\\Http\\Request))
#12 C:\\xampp\\htdocs\\isikef\\index.php(21): require_once('C:\\\\xampp\\\\htdocs...')
#13 {main} at C:\\xampp\\htdocs\\isikef\\vendor\\laravel\\framework\\src\\Illuminate\\Support\\Collection.php:11)
[stacktrace]
#0 {main}
"} 
[2023-04-10 01:11:00] laravel.EMERGENCY: Unable to create configured logger. Using emergency logger. {"exception":"[object] (Error(code: 0): Class \"Illuminate\\Support\\Collection\" not found at C:\\xampp\\htdocs\\isikef\\vendor\\laravel\\framework\\src\\Illuminate\\Support\\helpers.php:110)
[stacktrace]
#0 C:\\xampp\\htdocs\\isikef\\vendor\\laravel\\framework\\src\\Illuminate\\Log\\LogManager.php(240): collect(Array)
#1 C:\\xampp\\htdocs\\isikef\\vendor\\laravel\\framework\\src\\Illuminate\\Log\\LogManager.php(202): Illuminate\\Log\\LogManager->createStackDriver(Array)
#2 C:\\xampp\\htdocs\\isikef\\vendor\\laravel\\framework\\src\\Illuminate\\Log\\LogManager.php(118): Illuminate\\Log\\LogManager->resolve('stack')
#3 C:\\xampp\\htdocs\\isikef\\vendor\\laravel\\framework\\src\\Illuminate\\Log\\LogManager.php(98): Illuminate\\Log\\LogManager->get('stack')
#4 C:\\xampp\\htdocs\\isikef\\vendor\\laravel\\framework\\src\\Illuminate\\Log\\LogManager.php(543): Illuminate\\Log\\LogManager->driver()
#5 C:\\xampp\\htdocs\\isikef\\vendor\\laravel\\framework\\src\\Illuminate\\Foundation\\Exceptions\\Handler.php(118): Illuminate\\Log\\LogManager->error('During inherita...', Array)
#6 C:\\xampp\\htdocs\\isikef\\app\\Exceptions\\Handler.php(39): Illuminate\\Foundation\\Exceptions\\Handler->report(Object(Symfony\\Component\\ErrorHandler\\Error\\FatalError))
#7 C:\\xampp\\htdocs\\isikef\\vendor\\laravel\\framework\\src\\Illuminate\\Foundation\\Bootstrap\\HandleExceptions.php(88): App\\Exceptions\\Handler->report(Object(Symfony\\Component\\ErrorHandler\\Error\\FatalError))
#8 C:\\xampp\\htdocs\\isikef\\vendor\\laravel\\framework\\src\\Illuminate\\Foundation\\Bootstrap\\HandleExceptions.php(130): Illuminate\\Foundation\\Bootstrap\\HandleExceptions->handleException(Object(Symfony\\Component\\ErrorHandler\\Error\\FatalError))
#9 [internal function]: Illuminate\\Foundation\\Bootstrap\\HandleExceptions->handleShutdown()
#10 {main}
"} 
[2023-04-10 01:11:00] laravel.ERROR: During inheritance of ArrayAccess: Uncaught ErrorException: Return type of Illuminate\Support\Collection::offsetExists($key) should either be compatible with ArrayAccess::offsetExists(mixed $offset): bool, or the #[\ReturnTypeWillChange] attribute should be used to temporarily suppress the notice in C:\xampp\htdocs\isikef\vendor\laravel\framework\src\Illuminate\Support\Collection.php:1349
Stack trace:
#0 C:\xampp\htdocs\isikef\vendor\laravel\framework\src\Illuminate\Support\Collection.php(11): Illuminate\Foundation\Bootstrap\HandleExceptions->handleError(8192, 'Return type of ...', 'C:\\xampp\\htdocs...', 1349)
#1 C:\xampp\htdocs\isikef\vendor\composer\ClassLoader.php(480): include('C:\\xampp\\htdocs...')
#2 C:\xampp\htdocs\isikef\vendor\composer\ClassLoader.php(346): Composer\Autoload\includeFile('C:\\xampp\\htdocs...')
#3 C:\xampp\htdocs\isikef\vendor\laravel\framework\src\Illuminate\Support\helpers.php(110): Composer\Autoload\ClassLoader->loadClass('Illuminate\\Supp...')
#4 C:\xampp\htdocs\isikef\vendor\laravel\framework\src\Illuminate\Foundation\PackageManifest.php(89): collect(Array)
#5 C:\xampp\htdocs\isikef\vendor\laravel\framework\src\Illuminate\Foundation\PackageManifest.php(78): Illuminate\Foundation\PackageManifest->config('aliases')
#6 C:\xampp\htdocs\isikef\vendor\laravel\framework\src\Illuminate\Foundation\Bootstrap\RegisterFacades.php(26): Illuminate\Foundation\PackageManifest->aliases()
#7 C:\xampp\htdocs\isikef\vendor\laravel\framework\src\Illuminate\Foundation\Application.php(230): Illuminate\Foundation\Bootstrap\RegisterFacades->bootstrap(Object(Illuminate\Foundation\Application))
#8 C:\xampp\htdocs\isikef\vendor\laravel\framework\src\Illuminate\Foundation\Http\Kernel.php(151): Illuminate\Foundation\Application->bootstrapWith(Array)
#9 C:\xampp\htdocs\isikef\vendor\laravel\framework\src\Illuminate\Foundation\Http\Kernel.php(135): Illuminate\Foundation\Http\Kernel->bootstrap()
#10 C:\xampp\htdocs\isikef\vendor\laravel\framework\src\Illuminate\Foundation\Http\Kernel.php(109): Illuminate\Foundation\Http\Kernel->sendRequestThroughRouter(Object(Illuminate\Http\Request))
#11 C:\xampp\htdocs\isikef\public\index.php(54): Illuminate\Foundation\Http\Kernel->handle(Object(Illuminate\Http\Request))
#12 C:\xampp\htdocs\isikef\index.php(21): require_once('C:\\xampp\\htdocs...')
#13 {main} {"exception":"[object] (Symfony\\Component\\ErrorHandler\\Error\\FatalError(code: 0): During inheritance of ArrayAccess: Uncaught ErrorException: Return type of Illuminate\\Support\\Collection::offsetExists($key) should either be compatible with ArrayAccess::offsetExists(mixed $offset): bool, or the #[\\ReturnTypeWillChange] attribute should be used to temporarily suppress the notice in C:\\xampp\\htdocs\\isikef\\vendor\\laravel\\framework\\src\\Illuminate\\Support\\Collection.php:1349
Stack trace:
#0 C:\\xampp\\htdocs\\isikef\\vendor\\laravel\\framework\\src\\Illuminate\\Support\\Collection.php(11): Illuminate\\Foundation\\Bootstrap\\HandleExceptions->handleError(8192, 'Return type of ...', 'C:\\\\xampp\\\\htdocs...', 1349)
#1 C:\\xampp\\htdocs\\isikef\\vendor\\composer\\ClassLoader.php(480): include('C:\\\\xampp\\\\htdocs...')
#2 C:\\xampp\\htdocs\\isikef\\vendor\\composer\\ClassLoader.php(346): Composer\\Autoload\\includeFile('C:\\\\xampp\\\\htdocs...')
#3 C:\\xampp\\htdocs\\isikef\\vendor\\laravel\\framework\\src\\Illuminate\\Support\\helpers.php(110): Composer\\Autoload\\ClassLoader->loadClass('Illuminate\\\\Supp...')
#4 C:\\xampp\\htdocs\\isikef\\vendor\\laravel\\framework\\src\\Illuminate\\Foundation\\PackageManifest.php(89): collect(Array)
#5 C:\\xampp\\htdocs\\isikef\\vendor\\laravel\\framework\\src\\Illuminate\\Foundation\\PackageManifest.php(78): Illuminate\\Foundation\\PackageManifest->config('aliases')
#6 C:\\xampp\\htdocs\\isikef\\vendor\\laravel\\framework\\src\\Illuminate\\Foundation\\Bootstrap\\RegisterFacades.php(26): Illuminate\\Foundation\\PackageManifest->aliases()
#7 C:\\xampp\\htdocs\\isikef\\vendor\\laravel\\framework\\src\\Illuminate\\Foundation\\Application.php(230): Illuminate\\Foundation\\Bootstrap\\RegisterFacades->bootstrap(Object(Illuminate\\Foundation\\Application))
#8 C:\\xampp\\htdocs\\isikef\\vendor\\laravel\\framework\\src\\Illuminate\\Foundation\\Http\\Kernel.php(151): Illuminate\\Foundation\\Application->bootstrapWith(Array)
#9 C:\\xampp\\htdocs\\isikef\\vendor\\laravel\\framework\\src\\Illuminate\\Foundation\\Http\\Kernel.php(135): Illuminate\\Foundation\\Http\\Kernel->bootstrap()
#10 C:\\xampp\\htdocs\\isikef\\vendor\\laravel\\framework\\src\\Illuminate\\Foundation\\Http\\Kernel.php(109): Illuminate\\Foundation\\Http\\Kernel->sendRequestThroughRouter(Object(Illuminate\\Http\\Request))
#11 C:\\xampp\\htdocs\\isikef\\public\\index.php(54): Illuminate\\Foundation\\Http\\Kernel->handle(Object(Illuminate\\Http\\Request))
#12 C:\\xampp\\htdocs\\isikef\\index.php(21): require_once('C:\\\\xampp\\\\htdocs...')
#13 {main} at C:\\xampp\\htdocs\\isikef\\vendor\\laravel\\framework\\src\\Illuminate\\Support\\Collection.php:11)
[stacktrace]
#0 {main}
"} 
[2023-07-11 22:23:20] laravel.EMERGENCY: Unable to create configured logger. Using emergency logger. {"exception":"[object] (Error(code: 0): Class \"Illuminate\\Support\\Collection\" not found at C:\\xampp\\htdocs\\isikef\\vendor\\laravel\\framework\\src\\Illuminate\\Support\\helpers.php:110)
[stacktrace]
#0 C:\\xampp\\htdocs\\isikef\\vendor\\laravel\\framework\\src\\Illuminate\\Log\\LogManager.php(240): collect(Array)
#1 C:\\xampp\\htdocs\\isikef\\vendor\\laravel\\framework\\src\\Illuminate\\Log\\LogManager.php(202): Illuminate\\Log\\LogManager->createStackDriver(Array)
#2 C:\\xampp\\htdocs\\isikef\\vendor\\laravel\\framework\\src\\Illuminate\\Log\\LogManager.php(118): Illuminate\\Log\\LogManager->resolve('stack')
#3 C:\\xampp\\htdocs\\isikef\\vendor\\laravel\\framework\\src\\Illuminate\\Log\\LogManager.php(98): Illuminate\\Log\\LogManager->get('stack')
#4 C:\\xampp\\htdocs\\isikef\\vendor\\laravel\\framework\\src\\Illuminate\\Log\\LogManager.php(543): Illuminate\\Log\\LogManager->driver()
#5 C:\\xampp\\htdocs\\isikef\\vendor\\laravel\\framework\\src\\Illuminate\\Foundation\\Exceptions\\Handler.php(118): Illuminate\\Log\\LogManager->error('During inherita...', Array)
#6 C:\\xampp\\htdocs\\isikef\\app\\Exceptions\\Handler.php(39): Illuminate\\Foundation\\Exceptions\\Handler->report(Object(Symfony\\Component\\ErrorHandler\\Error\\FatalError))
#7 C:\\xampp\\htdocs\\isikef\\vendor\\laravel\\framework\\src\\Illuminate\\Foundation\\Bootstrap\\HandleExceptions.php(88): App\\Exceptions\\Handler->report(Object(Symfony\\Component\\ErrorHandler\\Error\\FatalError))
#8 C:\\xampp\\htdocs\\isikef\\vendor\\laravel\\framework\\src\\Illuminate\\Foundation\\Bootstrap\\HandleExceptions.php(130): Illuminate\\Foundation\\Bootstrap\\HandleExceptions->handleException(Object(Symfony\\Component\\ErrorHandler\\Error\\FatalError))
#9 [internal function]: Illuminate\\Foundation\\Bootstrap\\HandleExceptions->handleShutdown()
#10 {main}
"} 
[2023-07-11 22:23:20] laravel.ERROR: During inheritance of ArrayAccess: Uncaught ErrorException: Return type of Illuminate\Support\Collection::offsetExists($key) should either be compatible with ArrayAccess::offsetExists(mixed $offset): bool, or the #[\ReturnTypeWillChange] attribute should be used to temporarily suppress the notice in C:\xampp\htdocs\isikef\vendor\laravel\framework\src\Illuminate\Support\Collection.php:1349
Stack trace:
#0 C:\xampp\htdocs\isikef\vendor\laravel\framework\src\Illuminate\Support\Collection.php(11): Illuminate\Foundation\Bootstrap\HandleExceptions->handleError(8192, 'Return type of ...', 'C:\\xampp\\htdocs...', 1349)
#1 C:\xampp\htdocs\isikef\vendor\composer\ClassLoader.php(480): include('C:\\xampp\\htdocs...')
#2 C:\xampp\htdocs\isikef\vendor\composer\ClassLoader.php(346): Composer\Autoload\includeFile('C:\\xampp\\htdocs...')
#3 C:\xampp\htdocs\isikef\vendor\laravel\framework\src\Illuminate\Support\helpers.php(110): Composer\Autoload\ClassLoader->loadClass('Illuminate\\Supp...')
#4 C:\xampp\htdocs\isikef\vendor\laravel\framework\src\Illuminate\Foundation\PackageManifest.php(89): collect(Array)
#5 C:\xampp\htdocs\isikef\vendor\laravel\framework\src\Illuminate\Foundation\PackageManifest.php(78): Illuminate\Foundation\PackageManifest->config('aliases')
#6 C:\xampp\htdocs\isikef\vendor\laravel\framework\src\Illuminate\Foundation\Bootstrap\RegisterFacades.php(26): Illuminate\Foundation\PackageManifest->aliases()
#7 C:\xampp\htdocs\isikef\vendor\laravel\framework\src\Illuminate\Foundation\Application.php(230): Illuminate\Foundation\Bootstrap\RegisterFacades->bootstrap(Object(Illuminate\Foundation\Application))
#8 C:\xampp\htdocs\isikef\vendor\laravel\framework\src\Illuminate\Foundation\Console\Kernel.php(310): Illuminate\Foundation\Application->bootstrapWith(Array)
#9 C:\xampp\htdocs\isikef\vendor\laravel\framework\src\Illuminate\Foundation\Console\Kernel.php(127): Illuminate\Foundation\Console\Kernel->bootstrap()
#10 C:\xampp\htdocs\isikef\artisan(35): Illuminate\Foundation\Console\Kernel->handle(Object(Symfony\Component\Console\Input\ArgvInput), Object(Symfony\Component\Console\Output\ConsoleOutput))
#11 {main} {"exception":"[object] (Symfony\\Component\\ErrorHandler\\Error\\FatalError(code: 0): During inheritance of ArrayAccess: Uncaught ErrorException: Return type of Illuminate\\Support\\Collection::offsetExists($key) should either be compatible with ArrayAccess::offsetExists(mixed $offset): bool, or the #[\\ReturnTypeWillChange] attribute should be used to temporarily suppress the notice in C:\\xampp\\htdocs\\isikef\\vendor\\laravel\\framework\\src\\Illuminate\\Support\\Collection.php:1349
Stack trace:
#0 C:\\xampp\\htdocs\\isikef\\vendor\\laravel\\framework\\src\\Illuminate\\Support\\Collection.php(11): Illuminate\\Foundation\\Bootstrap\\HandleExceptions->handleError(8192, 'Return type of ...', 'C:\\\\xampp\\\\htdocs...', 1349)
#1 C:\\xampp\\htdocs\\isikef\\vendor\\composer\\ClassLoader.php(480): include('C:\\\\xampp\\\\htdocs...')
#2 C:\\xampp\\htdocs\\isikef\\vendor\\composer\\ClassLoader.php(346): Composer\\Autoload\\includeFile('C:\\\\xampp\\\\htdocs...')
#3 C:\\xampp\\htdocs\\isikef\\vendor\\laravel\\framework\\src\\Illuminate\\Support\\helpers.php(110): Composer\\Autoload\\ClassLoader->loadClass('Illuminate\\\\Supp...')
#4 C:\\xampp\\htdocs\\isikef\\vendor\\laravel\\framework\\src\\Illuminate\\Foundation\\PackageManifest.php(89): collect(Array)
#5 C:\\xampp\\htdocs\\isikef\\vendor\\laravel\\framework\\src\\Illuminate\\Foundation\\PackageManifest.php(78): Illuminate\\Foundation\\PackageManifest->config('aliases')
#6 C:\\xampp\\htdocs\\isikef\\vendor\\laravel\\framework\\src\\Illuminate\\Foundation\\Bootstrap\\RegisterFacades.php(26): Illuminate\\Foundation\\PackageManifest->aliases()
#7 C:\\xampp\\htdocs\\isikef\\vendor\\laravel\\framework\\src\\Illuminate\\Foundation\\Application.php(230): Illuminate\\Foundation\\Bootstrap\\RegisterFacades->bootstrap(Object(Illuminate\\Foundation\\Application))
#8 C:\\xampp\\htdocs\\isikef\\vendor\\laravel\\framework\\src\\Illuminate\\Foundation\\Console\\Kernel.php(310): Illuminate\\Foundation\\Application->bootstrapWith(Array)
#9 C:\\xampp\\htdocs\\isikef\\vendor\\laravel\\framework\\src\\Illuminate\\Foundation\\Console\\Kernel.php(127): Illuminate\\Foundation\\Console\\Kernel->bootstrap()
#10 C:\\xampp\\htdocs\\isikef\\artisan(35): Illuminate\\Foundation\\Console\\Kernel->handle(Object(Symfony\\Component\\Console\\Input\\ArgvInput), Object(Symfony\\Component\\Console\\Output\\ConsoleOutput))
#11 {main} at C:\\xampp\\htdocs\\isikef\\vendor\\laravel\\framework\\src\\Illuminate\\Support\\Collection.php:11)
[stacktrace]
#0 {main}
"} 
[2023-07-11 22:23:59] laravel.EMERGENCY: Unable to create configured logger. Using emergency logger. {"exception":"[object] (Error(code: 0): Class \"Illuminate\\Support\\Collection\" not found at C:\\xampp\\htdocs\\isikef\\vendor\\laravel\\framework\\src\\Illuminate\\Support\\helpers.php:110)
[stacktrace]
#0 C:\\xampp\\htdocs\\isikef\\vendor\\laravel\\framework\\src\\Illuminate\\Log\\LogManager.php(240): collect(Array)
#1 C:\\xampp\\htdocs\\isikef\\vendor\\laravel\\framework\\src\\Illuminate\\Log\\LogManager.php(202): Illuminate\\Log\\LogManager->createStackDriver(Array)
#2 C:\\xampp\\htdocs\\isikef\\vendor\\laravel\\framework\\src\\Illuminate\\Log\\LogManager.php(118): Illuminate\\Log\\LogManager->resolve('stack')
#3 C:\\xampp\\htdocs\\isikef\\vendor\\laravel\\framework\\src\\Illuminate\\Log\\LogManager.php(98): Illuminate\\Log\\LogManager->get('stack')
#4 C:\\xampp\\htdocs\\isikef\\vendor\\laravel\\framework\\src\\Illuminate\\Log\\LogManager.php(543): Illuminate\\Log\\LogManager->driver()
#5 C:\\xampp\\htdocs\\isikef\\vendor\\laravel\\framework\\src\\Illuminate\\Foundation\\Exceptions\\Handler.php(118): Illuminate\\Log\\LogManager->error('During inherita...', Array)
#6 C:\\xampp\\htdocs\\isikef\\app\\Exceptions\\Handler.php(39): Illuminate\\Foundation\\Exceptions\\Handler->report(Object(Symfony\\Component\\ErrorHandler\\Error\\FatalError))
#7 C:\\xampp\\htdocs\\isikef\\vendor\\laravel\\framework\\src\\Illuminate\\Foundation\\Bootstrap\\HandleExceptions.php(88): App\\Exceptions\\Handler->report(Object(Symfony\\Component\\ErrorHandler\\Error\\FatalError))
#8 C:\\xampp\\htdocs\\isikef\\vendor\\laravel\\framework\\src\\Illuminate\\Foundation\\Bootstrap\\HandleExceptions.php(130): Illuminate\\Foundation\\Bootstrap\\HandleExceptions->handleException(Object(Symfony\\Component\\ErrorHandler\\Error\\FatalError))
#9 [internal function]: Illuminate\\Foundation\\Bootstrap\\HandleExceptions->handleShutdown()
#10 {main}
"} 
[2023-07-11 22:23:59] laravel.ERROR: During inheritance of ArrayAccess: Uncaught ErrorException: Return type of Illuminate\Support\Collection::offsetExists($key) should either be compatible with ArrayAccess::offsetExists(mixed $offset): bool, or the #[\ReturnTypeWillChange] attribute should be used to temporarily suppress the notice in C:\xampp\htdocs\isikef\vendor\laravel\framework\src\Illuminate\Support\Collection.php:1349
Stack trace:
#0 C:\xampp\htdocs\isikef\vendor\laravel\framework\src\Illuminate\Support\Collection.php(11): Illuminate\Foundation\Bootstrap\HandleExceptions->handleError(8192, 'Return type of ...', 'C:\\xampp\\htdocs...', 1349)
#1 C:\xampp\htdocs\isikef\vendor\composer\ClassLoader.php(480): include('C:\\xampp\\htdocs...')
#2 C:\xampp\htdocs\isikef\vendor\composer\ClassLoader.php(346): Composer\Autoload\includeFile('C:\\xampp\\htdocs...')
#3 C:\xampp\htdocs\isikef\vendor\laravel\framework\src\Illuminate\Support\helpers.php(110): Composer\Autoload\ClassLoader->loadClass('Illuminate\\Supp...')
#4 C:\xampp\htdocs\isikef\vendor\laravel\framework\src\Illuminate\Foundation\PackageManifest.php(89): collect(Array)
#5 C:\xampp\htdocs\isikef\vendor\laravel\framework\src\Illuminate\Foundation\PackageManifest.php(78): Illuminate\Foundation\PackageManifest->config('aliases')
#6 C:\xampp\htdocs\isikef\vendor\laravel\framework\src\Illuminate\Foundation\Bootstrap\RegisterFacades.php(26): Illuminate\Foundation\PackageManifest->aliases()
#7 C:\xampp\htdocs\isikef\vendor\laravel\framework\src\Illuminate\Foundation\Application.php(230): Illuminate\Foundation\Bootstrap\RegisterFacades->bootstrap(Object(Illuminate\Foundation\Application))
#8 C:\xampp\htdocs\isikef\vendor\laravel\framework\src\Illuminate\Foundation\Console\Kernel.php(310): Illuminate\Foundation\Application->bootstrapWith(Array)
#9 C:\xampp\htdocs\isikef\vendor\laravel\framework\src\Illuminate\Foundation\Console\Kernel.php(127): Illuminate\Foundation\Console\Kernel->bootstrap()
#10 C:\xampp\htdocs\isikef\artisan(35): Illuminate\Foundation\Console\Kernel->handle(Object(Symfony\Component\Console\Input\ArgvInput), Object(Symfony\Component\Console\Output\ConsoleOutput))
#11 {main} {"exception":"[object] (Symfony\\Component\\ErrorHandler\\Error\\FatalError(code: 0): During inheritance of ArrayAccess: Uncaught ErrorException: Return type of Illuminate\\Support\\Collection::offsetExists($key) should either be compatible with ArrayAccess::offsetExists(mixed $offset): bool, or the #[\\ReturnTypeWillChange] attribute should be used to temporarily suppress the notice in C:\\xampp\\htdocs\\isikef\\vendor\\laravel\\framework\\src\\Illuminate\\Support\\Collection.php:1349
Stack trace:
#0 C:\\xampp\\htdocs\\isikef\\vendor\\laravel\\framework\\src\\Illuminate\\Support\\Collection.php(11): Illuminate\\Foundation\\Bootstrap\\HandleExceptions->handleError(8192, 'Return type of ...', 'C:\\\\xampp\\\\htdocs...', 1349)
#1 C:\\xampp\\htdocs\\isikef\\vendor\\composer\\ClassLoader.php(480): include('C:\\\\xampp\\\\htdocs...')
#2 C:\\xampp\\htdocs\\isikef\\vendor\\composer\\ClassLoader.php(346): Composer\\Autoload\\includeFile('C:\\\\xampp\\\\htdocs...')
#3 C:\\xampp\\htdocs\\isikef\\vendor\\laravel\\framework\\src\\Illuminate\\Support\\helpers.php(110): Composer\\Autoload\\ClassLoader->loadClass('Illuminate\\\\Supp...')
#4 C:\\xampp\\htdocs\\isikef\\vendor\\laravel\\framework\\src\\Illuminate\\Foundation\\PackageManifest.php(89): collect(Array)
#5 C:\\xampp\\htdocs\\isikef\\vendor\\laravel\\framework\\src\\Illuminate\\Foundation\\PackageManifest.php(78): Illuminate\\Foundation\\PackageManifest->config('aliases')
#6 C:\\xampp\\htdocs\\isikef\\vendor\\laravel\\framework\\src\\Illuminate\\Foundation\\Bootstrap\\RegisterFacades.php(26): Illuminate\\Foundation\\PackageManifest->aliases()
#7 C:\\xampp\\htdocs\\isikef\\vendor\\laravel\\framework\\src\\Illuminate\\Foundation\\Application.php(230): Illuminate\\Foundation\\Bootstrap\\RegisterFacades->bootstrap(Object(Illuminate\\Foundation\\Application))
#8 C:\\xampp\\htdocs\\isikef\\vendor\\laravel\\framework\\src\\Illuminate\\Foundation\\Console\\Kernel.php(310): Illuminate\\Foundation\\Application->bootstrapWith(Array)
#9 C:\\xampp\\htdocs\\isikef\\vendor\\laravel\\framework\\src\\Illuminate\\Foundation\\Console\\Kernel.php(127): Illuminate\\Foundation\\Console\\Kernel->bootstrap()
#10 C:\\xampp\\htdocs\\isikef\\artisan(35): Illuminate\\Foundation\\Console\\Kernel->handle(Object(Symfony\\Component\\Console\\Input\\ArgvInput), Object(Symfony\\Component\\Console\\Output\\ConsoleOutput))
#11 {main} at C:\\xampp\\htdocs\\isikef\\vendor\\laravel\\framework\\src\\Illuminate\\Support\\Collection.php:11)
[stacktrace]
#0 {main}
"} 
